# JRE version: Java(TM) SE Runtime Environment (17.0.9+11) (build 17.0.9+11-LTS-201)
# Java VM: Java HotSpot(TM) 64-Bit Server VM (17.0.9+11-LTS-201, mixed mode, sharing, tiered, compressed oops, compressed class ptrs, g1 gc, windows-amd64)
GC Precious Log:
 CPUs: 12 total, 12 available
 Memory: 7532M
 Large Page Support: Disabled
 NUMA Support: Disabled
 Compressed Oops: Enabled (32-bit)
 Heap Region Size: 1M
 Heap Min Capacity: 8M
 Heap Initial Capacity: 118M
 Heap Max Capacity: 1884M
 Pre-touch: Disabled
 Parallel Workers: 10
 Concurrent Workers: 3
 Concurrent Refinement Workers: 10
 Periodic GC: Disabled
Heap:
 garbage-first heap   total 66560K, used 26215K [0x000000008a400000, 0x0000000100000000)
  region size 1024K, 6 young (6144K), 3 survivors (3072K)
 Metaspace       used 54007K, committed 54400K, reserved 1114112K
  class space    used 7342K, committed 7552K, reserved 1048576K
GC Heap History (20 events):
Event: 0.878 GC heap before
{Heap before GC invocations=1 (full 0):
 garbage-first heap   total 120832K, used 32054K [0x000000008a400000, 0x0000000100000000)
  region size 1024K, 26 young (26624K), 3 survivors (3072K)
 Metaspace       used 10856K, committed 11072K, reserved 1114112K
  class space    used 1386K, committed 1472K, reserved 1048576K
}
Event: 0.885 GC heap after
{Heap after GC invocations=2 (full 0):
 garbage-first heap   total 120832K, used 10478K [0x000000008a400000, 0x0000000100000000)
  region size 1024K, 2 young (2048K), 2 survivors (2048K)
 Metaspace       used 10856K, committed 11072K, reserved 1114112K
  class space    used 1386K, committed 1472K, reserved 1048576K
}
Event: 1.421 GC heap before
{Heap before GC invocations=2 (full 0):
 garbage-first heap   total 120832K, used 57582K [0x000000008a400000, 0x0000000100000000)
  region size 1024K, 48 young (49152K), 2 survivors (2048K)
 Metaspace       used 20706K, committed 20992K, reserved 1114112K
  class space    used 2683K, committed 2816K, reserved 1048576K
}
Event: 1.425 GC heap after
{Heap after GC invocations=3 (full 0):
 garbage-first heap   total 120832K, used 13364K [0x000000008a400000, 0x0000000100000000)
  region size 1024K, 5 young (5120K), 5 survivors (5120K)
 Metaspace       used 20706K, committed 20992K, reserved 1114112K
  class space    used 2683K, committed 2816K, reserved 1048576K
}
Event: 1.453 GC heap before
{Heap before GC invocations=3 (full 0):
 garbage-first heap   total 120832K, used 15412K [0x000000008a400000, 0x0000000100000000)
  region size 1024K, 8 young (8192K), 5 survivors (5120K)
 Metaspace       used 21249K, committed 21504K, reserved 1114112K
  class space    used 2751K, committed 2880K, reserved 1048576K
}
Event: 1.456 GC heap after
{Heap after GC invocations=4 (full 0):
 garbage-first heap   total 120832K, used 13794K [0x000000008a400000, 0x0000000100000000)
  region size 1024K, 4 young (4096K), 4 survivors (4096K)
 Metaspace       used 21249K, committed 21504K, reserved 1114112K
  class space    used 2751K, committed 2880K, reserved 1048576K
}
Event: 1.905 GC heap before
{Heap before GC invocations=5 (full 0):
 garbage-first heap   total 55296K, used 42466K [0x000000008a400000, 0x0000000100000000)
  region size 1024K, 32 young (32768K), 4 survivors (4096K)
 Metaspace       used 24158K, committed 24448K, reserved 1114112K
  class space    used 3118K, committed 3264K, reserved 1048576K
}
Event: 1.911 GC heap after
{Heap after GC invocations=6 (full 0):
 garbage-first heap   total 55296K, used 15965K [0x000000008a400000, 0x0000000100000000)
  region size 1024K, 3 young (3072K), 3 survivors (3072K)
 Metaspace       used 24158K, committed 24448K, reserved 1114112K
  class space    used 3118K, committed 3264K, reserved 1048576K
}
Event: 2.330 GC heap before
{Heap before GC invocations=6 (full 0):
 garbage-first heap   total 55296K, used 37469K [0x000000008a400000, 0x0000000100000000)
  region size 1024K, 24 young (24576K), 3 survivors (3072K)
 Metaspace       used 27240K, committed 27648K, reserved 1114112K
  class space    used 3543K, committed 3776K, reserved 1048576K
}
Event: 2.337 GC heap after
{Heap after GC invocations=7 (full 0):
 garbage-first heap   total 55296K, used 17972K [0x000000008a400000, 0x0000000100000000)
  region size 1024K, 2 young (2048K), 2 survivors (2048K)
 Metaspace       used 27240K, committed 27648K, reserved 1114112K
  class space    used 3543K, committed 3776K, reserved 1048576K
}
Event: 2.754 GC heap before
{Heap before GC invocations=7 (full 0):
 garbage-first heap   total 55296K, used 38452K [0x000000008a400000, 0x0000000100000000)
  region size 1024K, 22 young (22528K), 2 survivors (2048K)
 Metaspace       used 31236K, committed 31616K, reserved 1114112K
  class space    used 4038K, committed 4224K, reserved 1048576K
}
Event: 2.762 GC heap after
{Heap after GC invocations=8 (full 0):
 garbage-first heap   total 66560K, used 20001K [0x000000008a400000, 0x0000000100000000)
  region size 1024K, 3 young (3072K), 3 survivors (3072K)
 Metaspace       used 31236K, committed 31616K, reserved 1114112K
  class space    used 4038K, committed 4224K, reserved 1048576K
}
Event: 3.042 GC heap before
{Heap before GC invocations=8 (full 0):
 garbage-first heap   total 66560K, used 23073K [0x000000008a400000, 0x0000000100000000)
  region size 1024K, 7 young (7168K), 3 survivors (3072K)
 Metaspace       used 35604K, committed 35968K, reserved 1114112K
  class space    used 4552K, committed 4736K, reserved 1048576K
}
Event: 3.046 GC heap after
{Heap after GC invocations=9 (full 0):
 garbage-first heap   total 66560K, used 20406K [0x000000008a400000, 0x0000000100000000)
  region size 1024K, 3 young (3072K), 3 survivors (3072K)
 Metaspace       used 35604K, committed 35968K, reserved 1114112K
  class space    used 4552K, committed 4736K, reserved 1048576K
}
Event: 3.520 GC heap before
{Heap before GC invocations=10 (full 0):
 garbage-first heap   total 66560K, used 46006K [0x000000008a400000, 0x0000000100000000)
  region size 1024K, 28 young (28672K), 3 survivors (3072K)
 Metaspace       used 40462K, committed 40832K, reserved 1114112K
  class space    used 5214K, committed 5376K, reserved 1048576K
}
Event: 3.526 GC heap after
{Heap after GC invocations=11 (full 0):
 garbage-first heap   total 66560K, used 21983K [0x000000008a400000, 0x0000000100000000)
  region size 1024K, 3 young (3072K), 3 survivors (3072K)
 Metaspace       used 40462K, committed 40832K, reserved 1114112K
  class space    used 5214K, committed 5376K, reserved 1048576K
}
Event: 3.968 GC heap before
{Heap before GC invocations=11 (full 0):
 garbage-first heap   total 66560K, used 46559K [0x000000008a400000, 0x0000000100000000)
  region size 1024K, 27 young (27648K), 3 survivors (3072K)
 Metaspace       used 46082K, committed 46528K, reserved 1114112K
  class space    used 6121K, committed 6336K, reserved 1048576K
}
Event: 3.972 GC heap after
{Heap after GC invocations=12 (full 0):
 garbage-first heap   total 66560K, used 23195K [0x000000008a400000, 0x0000000100000000)
  region size 1024K, 3 young (3072K), 3 survivors (3072K)
 Metaspace       used 46082K, committed 46528K, reserved 1114112K
  class space    used 6121K, committed 6336K, reserved 1048576K
}
Event: 4.405 GC heap before
{Heap before GC invocations=12 (full 0):
 garbage-first heap   total 66560K, used 48795K [0x000000008a400000, 0x0000000100000000)
  region size 1024K, 29 young (29696K), 3 survivors (3072K)
 Metaspace       used 53492K, committed 53952K, reserved 1114112K
  class space    used 7250K, committed 7488K, reserved 1048576K
}
Event: 4.409 GC heap after
{Heap after GC invocations=13 (full 0):
 garbage-first heap   total 66560K, used 24167K [0x000000008a400000, 0x0000000100000000)
  region size 1024K, 3 young (3072K), 3 survivors (3072K)
 Metaspace       used 53492K, committed 53952K, reserved 1114112K
  class space    used 7250K, committed 7488K, reserved 1048576K
}

