# JRE version: Java(TM) SE Runtime Environment (17.0.9+11) (build 17.0.9+11-LTS-201)
# Java VM: Java HotSpot(TM) 64-Bit Server VM (17.0.9+11-LTS-201, mixed mode, sharing, tiered, compressed oops, compressed class ptrs, g1 gc, windows-amd64)
GC Precious Log:
 CPUs: 12 total, 12 available
 Memory: 7532M
 Large Page Support: Disabled
 NUMA Support: Disabled
 Compressed Oops: Enabled (32-bit)
 Heap Region Size: 1M
 Heap Min Capacity: 8M
 Heap Initial Capacity: 118M
 Heap Max Capacity: 1884M
 Pre-touch: Disabled
 Parallel Workers: 10
 Concurrent Workers: 3
 Concurrent Refinement Workers: 10
 Periodic GC: Disabled
Heap:
 garbage-first heap   total 79872K, used 49472K [0x000000008a400000, 0x0000000100000000)
  region size 1024K, 28 young (28672K), 4 survivors (4096K)
 Metaspace       used 62077K, committed 62528K, reserved 1114112K
  class space    used 8527K, committed 8768K, reserved 1048576K
GC Heap History (20 events):
Event: 0.866 GC heap before
{Heap before GC invocations=1 (full 0):
 garbage-first heap   total 120832K, used 31696K [0x000000008a400000, 0x0000000100000000)
  region size 1024K, 26 young (26624K), 3 survivors (3072K)
 Metaspace       used 10782K, committed 11008K, reserved 1114112K
  class space    used 1375K, committed 1472K, reserved 1048576K
}
Event: 0.871 GC heap after
{Heap after GC invocations=2 (full 0):
 garbage-first heap   total 120832K, used 10288K [0x000000008a400000, 0x0000000100000000)
  region size 1024K, 2 young (2048K), 2 survivors (2048K)
 Metaspace       used 10782K, committed 11008K, reserved 1114112K
  class space    used 1375K, committed 1472K, reserved 1048576K
}
Event: 1.397 GC heap before
{Heap before GC invocations=2 (full 0):
 garbage-first heap   total 120832K, used 57392K [0x000000008a400000, 0x0000000100000000)
  region size 1024K, 48 young (49152K), 2 survivors (2048K)
 Metaspace       used 20736K, committed 20992K, reserved 1114112K
  class space    used 2686K, committed 2816K, reserved 1048576K
}
Event: 1.401 GC heap after
{Heap after GC invocations=3 (full 0):
 garbage-first heap   total 120832K, used 13193K [0x000000008a400000, 0x0000000100000000)
  region size 1024K, 5 young (5120K), 5 survivors (5120K)
 Metaspace       used 20736K, committed 20992K, reserved 1114112K
  class space    used 2686K, committed 2816K, reserved 1048576K
}
Event: 1.443 GC heap before
{Heap before GC invocations=3 (full 0):
 garbage-first heap   total 120832K, used 14217K [0x000000008a400000, 0x0000000100000000)
  region size 1024K, 8 young (8192K), 5 survivors (5120K)
 Metaspace       used 21270K, committed 21504K, reserved 1114112K
  class space    used 2754K, committed 2880K, reserved 1048576K
}
Event: 1.447 GC heap after
{Heap after GC invocations=4 (full 0):
 garbage-first heap   total 120832K, used 13775K [0x000000008a400000, 0x0000000100000000)
  region size 1024K, 6 young (6144K), 6 survivors (6144K)
 Metaspace       used 21270K, committed 21504K, reserved 1114112K
  class space    used 2754K, committed 2880K, reserved 1048576K
}
Event: 1.824 GC heap before
{Heap before GC invocations=5 (full 0):
 garbage-first heap   total 55296K, used 40399K [0x000000008a400000, 0x0000000100000000)
  region size 1024K, 32 young (32768K), 6 survivors (6144K)
 Metaspace       used 23750K, committed 24064K, reserved 1114112K
  class space    used 3064K, committed 3200K, reserved 1048576K
}
Event: 1.830 GC heap after
{Heap after GC invocations=6 (full 0):
 garbage-first heap   total 55296K, used 15315K [0x000000008a400000, 0x0000000100000000)
  region size 1024K, 3 young (3072K), 3 survivors (3072K)
 Metaspace       used 23750K, committed 24064K, reserved 1114112K
  class space    used 3064K, committed 3200K, reserved 1048576K
}
Event: 2.183 GC heap before
{Heap before GC invocations=6 (full 0):
 garbage-first heap   total 55296K, used 36819K [0x000000008a400000, 0x0000000100000000)
  region size 1024K, 24 young (24576K), 3 survivors (3072K)
 Metaspace       used 26943K, committed 27264K, reserved 1114112K
  class space    used 3512K, committed 3648K, reserved 1048576K
}
Event: 2.188 GC heap after
{Heap after GC invocations=7 (full 0):
 garbage-first heap   total 66560K, used 17443K [0x000000008a400000, 0x0000000100000000)
  region size 1024K, 2 young (2048K), 2 survivors (2048K)
 Metaspace       used 26943K, committed 27264K, reserved 1114112K
  class space    used 3512K, committed 3648K, reserved 1048576K
}
Event: 2.751 GC heap before
{Heap before GC invocations=7 (full 0):
 garbage-first heap   total 66560K, used 45091K [0x000000008a400000, 0x0000000100000000)
  region size 1024K, 30 young (30720K), 2 survivors (2048K)
 Metaspace       used 35569K, committed 35968K, reserved 1114112K
  class space    used 4564K, committed 4800K, reserved 1048576K
}
Event: 2.758 GC heap after
{Heap after GC invocations=8 (full 0):
 garbage-first heap   total 66560K, used 20261K [0x000000008a400000, 0x0000000100000000)
  region size 1024K, 4 young (4096K), 4 survivors (4096K)
 Metaspace       used 35569K, committed 35968K, reserved 1114112K
  class space    used 4564K, committed 4800K, reserved 1048576K
}
Event: 3.227 GC heap before
{Heap before GC invocations=9 (full 0):
 garbage-first heap   total 66560K, used 47909K [0x000000008a400000, 0x0000000100000000)
  region size 1024K, 31 young (31744K), 4 survivors (4096K)
 Metaspace       used 40871K, committed 41280K, reserved 1114112K
  class space    used 5282K, committed 5440K, reserved 1048576K
}
Event: 3.234 GC heap after
{Heap after GC invocations=10 (full 0):
 garbage-first heap   total 66560K, used 22071K [0x000000008a400000, 0x0000000100000000)
  region size 1024K, 2 young (2048K), 2 survivors (2048K)
 Metaspace       used 40871K, committed 41280K, reserved 1114112K
  class space    used 5282K, committed 5440K, reserved 1048576K
}
Event: 3.709 GC heap before
{Heap before GC invocations=10 (full 0):
 garbage-first heap   total 66560K, used 47671K [0x000000008a400000, 0x0000000100000000)
  region size 1024K, 28 young (28672K), 2 survivors (2048K)
 Metaspace       used 46944K, committed 47296K, reserved 1114112K
  class space    used 6248K, committed 6400K, reserved 1048576K
}
Event: 3.715 GC heap after
{Heap after GC invocations=11 (full 0):
 garbage-first heap   total 66560K, used 23355K [0x000000008a400000, 0x0000000100000000)
  region size 1024K, 3 young (3072K), 3 survivors (3072K)
 Metaspace       used 46944K, committed 47296K, reserved 1114112K
  class space    used 6248K, committed 6400K, reserved 1048576K
}
Event: 4.143 GC heap before
{Heap before GC invocations=11 (full 0):
 garbage-first heap   total 66560K, used 48955K [0x000000008a400000, 0x0000000100000000)
  region size 1024K, 29 young (29696K), 3 survivors (3072K)
 Metaspace       used 54381K, committed 54720K, reserved 1114112K
  class space    used 7409K, committed 7552K, reserved 1048576K
}
Event: 4.147 GC heap after
{Heap after GC invocations=12 (full 0):
 garbage-first heap   total 79872K, used 24255K [0x000000008a400000, 0x0000000100000000)
  region size 1024K, 3 young (3072K), 3 survivors (3072K)
 Metaspace       used 54381K, committed 54720K, reserved 1114112K
  class space    used 7409K, committed 7552K, reserved 1048576K
}
Event: 4.528 GC heap before
{Heap before GC invocations=12 (full 0):
 garbage-first heap   total 79872K, used 48831K [0x000000008a400000, 0x0000000100000000)
  region size 1024K, 28 young (28672K), 3 survivors (3072K)
 Metaspace       used 59792K, committed 60160K, reserved 1114112K
  class space    used 8134K, committed 8320K, reserved 1048576K
}
Event: 4.533 GC heap after
{Heap after GC invocations=13 (full 0):
 garbage-first heap   total 79872K, used 25920K [0x000000008a400000, 0x0000000100000000)
  region size 1024K, 4 young (4096K), 4 survivors (4096K)
 Metaspace       used 59792K, committed 60160K, reserved 1114112K
  class space    used 8134K, committed 8320K, reserved 1048576K
}

