# JRE version: Java(TM) SE Runtime Environment (17.0.9+11) (build 17.0.9+11-LTS-201)
# Java VM: Java HotSpot(TM) 64-Bit Server VM (17.0.9+11-LTS-201, mixed mode, sharing, tiered, compressed oops, compressed class ptrs, g1 gc, windows-amd64)
GC Precious Log:
 CPUs: 12 total, 12 available
 Memory: 7532M
 Large Page Support: Disabled
 NUMA Support: Disabled
 Compressed Oops: Enabled (32-bit)
 Heap Region Size: 1M
 Heap Min Capacity: 8M
 Heap Initial Capacity: 118M
 Heap Max Capacity: 1884M
 Pre-touch: Disabled
 Parallel Workers: 10
 Concurrent Workers: 3
 Concurrent Refinement Workers: 10
 Periodic GC: Disabled
Heap:
 garbage-first heap   total 79872K, used 59547K [0x000000008a400000, 0x0000000100000000)
  region size 1024K, 36 young (36864K), 5 survivors (5120K)
 Metaspace       used 67851K, committed 68352K, reserved 1114112K
  class space    used 9401K, committed 9664K, reserved 1048576K
GC Heap History (20 events):
Event: 1.848 GC heap before
{Heap before GC invocations=5 (full 0):
 garbage-first heap   total 55296K, used 42824K [0x000000008a400000, 0x0000000100000000)
  region size 1024K, 32 young (32768K), 4 survivors (4096K)
 Metaspace       used 24031K, committed 24384K, reserved 1114112K
  class space    used 3113K, committed 3264K, reserved 1048576K
}
Event: 1.852 GC heap after
{Heap after GC invocations=6 (full 0):
 garbage-first heap   total 55296K, used 16031K [0x000000008a400000, 0x0000000100000000)
  region size 1024K, 3 young (3072K), 3 survivors (3072K)
 Metaspace       used 24031K, committed 24384K, reserved 1114112K
  class space    used 3113K, committed 3264K, reserved 1048576K
}
Event: 2.228 GC heap before
{Heap before GC invocations=6 (full 0):
 garbage-first heap   total 55296K, used 37535K [0x000000008a400000, 0x0000000100000000)
  region size 1024K, 24 young (24576K), 3 survivors (3072K)
 Metaspace       used 27117K, committed 27456K, reserved 1114112K
  class space    used 3542K, committed 3712K, reserved 1048576K
}
Event: 2.235 GC heap after
{Heap after GC invocations=7 (full 0):
 garbage-first heap   total 55296K, used 17747K [0x000000008a400000, 0x0000000100000000)
  region size 1024K, 2 young (2048K), 2 survivors (2048K)
 Metaspace       used 27117K, committed 27456K, reserved 1114112K
  class space    used 3542K, committed 3712K, reserved 1048576K
}
Event: 2.597 GC heap before
{Heap before GC invocations=7 (full 0):
 garbage-first heap   total 55296K, used 39251K [0x000000008a400000, 0x0000000100000000)
  region size 1024K, 23 young (23552K), 2 survivors (2048K)
 Metaspace       used 31265K, committed 31616K, reserved 1114112K
  class space    used 4051K, committed 4224K, reserved 1048576K
}
Event: 2.606 GC heap after
{Heap after GC invocations=8 (full 0):
 garbage-first heap   total 66560K, used 19469K [0x000000008a400000, 0x0000000100000000)
  region size 1024K, 2 young (2048K), 2 survivors (2048K)
 Metaspace       used 31265K, committed 31616K, reserved 1114112K
  class space    used 4051K, committed 4224K, reserved 1048576K
}
Event: 2.856 GC heap before
{Heap before GC invocations=8 (full 0):
 garbage-first heap   total 66560K, used 22541K [0x000000008a400000, 0x0000000100000000)
  region size 1024K, 6 young (6144K), 2 survivors (2048K)
 Metaspace       used 35571K, committed 35968K, reserved 1114112K
  class space    used 4566K, committed 4800K, reserved 1048576K
}
Event: 2.860 GC heap after
{Heap after GC invocations=9 (full 0):
 garbage-first heap   total 66560K, used 20474K [0x000000008a400000, 0x0000000100000000)
  region size 1024K, 3 young (3072K), 3 survivors (3072K)
 Metaspace       used 35571K, committed 35968K, reserved 1114112K
  class space    used 4566K, committed 4800K, reserved 1048576K
}
Event: 3.317 GC heap before
{Heap before GC invocations=10 (full 0):
 garbage-first heap   total 66560K, used 43002K [0x000000008a400000, 0x0000000100000000)
  region size 1024K, 25 young (25600K), 3 survivors (3072K)
 Metaspace       used 39806K, committed 40256K, reserved 1114112K
  class space    used 5119K, committed 5312K, reserved 1048576K
}
Event: 3.323 GC heap after
{Heap after GC invocations=11 (full 0):
 garbage-first heap   total 66560K, used 22132K [0x000000008a400000, 0x0000000100000000)
  region size 1024K, 3 young (3072K), 3 survivors (3072K)
 Metaspace       used 39806K, committed 40256K, reserved 1114112K
  class space    used 5119K, committed 5312K, reserved 1048576K
}
Event: 3.741 GC heap before
{Heap before GC invocations=11 (full 0):
 garbage-first heap   total 66560K, used 44660K [0x000000008a400000, 0x0000000100000000)
  region size 1024K, 25 young (25600K), 3 survivors (3072K)
 Metaspace       used 44686K, committed 45120K, reserved 1114112K
  class space    used 5907K, committed 6080K, reserved 1048576K
}
Event: 3.745 GC heap after
{Heap after GC invocations=12 (full 0):
 garbage-first heap   total 66560K, used 23236K [0x000000008a400000, 0x0000000100000000)
  region size 1024K, 3 young (3072K), 3 survivors (3072K)
 Metaspace       used 44686K, committed 45120K, reserved 1114112K
  class space    used 5907K, committed 6080K, reserved 1048576K
}
Event: 4.088 GC heap before
{Heap before GC invocations=12 (full 0):
 garbage-first heap   total 66560K, used 45764K [0x000000008a400000, 0x0000000100000000)
  region size 1024K, 26 young (26624K), 3 survivors (3072K)
 Metaspace       used 50879K, committed 51328K, reserved 1114112K
  class space    used 6785K, committed 6976K, reserved 1048576K
}
Event: 4.092 GC heap after
{Heap after GC invocations=13 (full 0):
 garbage-first heap   total 79872K, used 23837K [0x000000008a400000, 0x0000000100000000)
  region size 1024K, 2 young (2048K), 2 survivors (2048K)
 Metaspace       used 50879K, committed 51328K, reserved 1114112K
  class space    used 6785K, committed 6976K, reserved 1048576K
}
Event: 4.665 GC heap before
{Heap before GC invocations=13 (full 0):
 garbage-first heap   total 79872K, used 57629K [0x000000008a400000, 0x0000000100000000)
  region size 1024K, 35 young (35840K), 2 survivors (2048K)
 Metaspace       used 58685K, committed 59072K, reserved 1114112K
  class space    used 8021K, committed 8192K, reserved 1048576K
}
Event: 4.671 GC heap after
{Heap after GC invocations=14 (full 0):
 garbage-first heap   total 79872K, used 25885K [0x000000008a400000, 0x0000000100000000)
  region size 1024K, 4 young (4096K), 4 survivors (4096K)
 Metaspace       used 58685K, committed 59072K, reserved 1114112K
  class space    used 8021K, committed 8192K, reserved 1048576K
}
Event: 4.727 GC heap before
{Heap before GC invocations=14 (full 0):
 garbage-first heap   total 79872K, used 29981K [0x000000008a400000, 0x0000000100000000)
  region size 1024K, 9 young (9216K), 4 survivors (4096K)
 Metaspace       used 59728K, committed 60160K, reserved 1114112K
  class space    used 8128K, committed 8320K, reserved 1048576K
}
Event: 4.731 GC heap after
{Heap after GC invocations=15 (full 0):
 garbage-first heap   total 79872K, used 26164K [0x000000008a400000, 0x0000000100000000)
  region size 1024K, 3 young (3072K), 3 survivors (3072K)
 Metaspace       used 59728K, committed 60160K, reserved 1114112K
  class space    used 8128K, committed 8320K, reserved 1048576K
}
Event: 5.216 GC heap before
{Heap before GC invocations=16 (full 0):
 garbage-first heap   total 79872K, used 58932K [0x000000008a400000, 0x0000000100000000)
  region size 1024K, 35 young (35840K), 3 survivors (3072K)
 Metaspace       used 63243K, committed 63744K, reserved 1114112K
  class space    used 8703K, committed 8960K, reserved 1048576K
}
Event: 5.223 GC heap after
{Heap after GC invocations=17 (full 0):
 garbage-first heap   total 79872K, used 28827K [0x000000008a400000, 0x0000000100000000)
  region size 1024K, 5 young (5120K), 5 survivors (5120K)
 Metaspace       used 63243K, committed 63744K, reserved 1114112K
  class space    used 8703K, committed 8960K, reserved 1048576K
}

